<?xml version="1.0" encoding="UTF-8"?>
<coverage generated="1600962603437" clover="3.2.0">
  <project timestamp="1600962603437" name="All files">
    <metrics statements="150" coveredstatements="136" conditionals="66" coveredconditionals="58" methods="16" coveredmethods="12" elements="232" coveredelements="206" complexity="0" loc="150" ncloc="150" packages="1" files="1" classes="1"/>
    <file name="server.js" path="/Users/athavan/GitHub/Connect4/BackEnd/source/server.js">
      <metrics statements="150" coveredstatements="136" conditionals="66" coveredconditionals="58" methods="16" coveredmethods="12"/>
      <line num="1" count="2" type="stmt"/>
      <line num="3" count="2" type="stmt"/>
      <line num="5" count="2" type="stmt"/>
      <line num="7" count="2" type="stmt"/>
      <line num="18" count="9" type="stmt"/>
      <line num="19" count="9" type="stmt"/>
      <line num="20" count="33" type="stmt"/>
      <line num="21" count="33" type="stmt"/>
      <line num="22" count="157" type="stmt"/>
      <line num="24" count="33" type="stmt"/>
      <line num="26" count="9" type="stmt"/>
      <line num="30" count="1" type="stmt"/>
      <line num="31" count="1" type="stmt"/>
      <line num="32" count="1" type="stmt"/>
      <line num="33" count="1" type="stmt"/>
      <line num="34" count="1" type="stmt"/>
      <line num="35" count="1" type="stmt"/>
      <line num="36" count="1" type="stmt"/>
      <line num="40" count="4" type="cond" truecount="2" falsecount="0"/>
      <line num="41" count="2" type="stmt"/>
      <line num="43" count="2" type="stmt"/>
      <line num="47" count="3" type="stmt"/>
      <line num="48" count="7" type="cond" truecount="2" falsecount="0"/>
      <line num="49" count="2" type="stmt"/>
      <line num="51" count="2" type="stmt"/>
      <line num="53" count="2" type="stmt"/>
      <line num="54" count="2" type="stmt"/>
      <line num="57" count="1" type="stmt"/>
      <line num="61" count="11" type="stmt"/>
      <line num="62" count="11" type="stmt"/>
      <line num="63" count="15" type="cond" truecount="4" falsecount="0"/>
      <line num="64" count="9" type="stmt"/>
      <line num="65" count="9" type="stmt"/>
      <line num="66" count="20" type="stmt"/>
      <line num="67" count="20" type="cond" truecount="4" falsecount="0"/>
      <line num="68" count="4" type="stmt"/>
      <line num="69" count="16" type="cond" truecount="1" falsecount="1"/>
      <line num="70" count="16" type="stmt"/>
      <line num="74" count="6" type="stmt"/>
      <line num="76" count="9" type="cond" truecount="2" falsecount="0"/>
      <line num="77" count="5" type="stmt"/>
      <line num="80" count="6" type="stmt"/>
      <line num="84" count="10" type="stmt"/>
      <line num="85" count="10" type="stmt"/>
      <line num="86" count="30" type="cond" truecount="2" falsecount="0"/>
      <line num="87" count="25" type="stmt"/>
      <line num="88" count="25" type="stmt"/>
      <line num="89" count="36" type="stmt"/>
      <line num="90" count="36" type="cond" truecount="4" falsecount="0"/>
      <line num="91" count="20" type="stmt"/>
      <line num="92" count="16" type="cond" truecount="1" falsecount="1"/>
      <line num="93" count="16" type="stmt"/>
      <line num="97" count="5" type="stmt"/>
      <line num="99" count="25" type="cond" truecount="2" falsecount="0"/>
      <line num="100" count="5" type="stmt"/>
      <line num="103" count="5" type="stmt"/>
      <line num="107" count="16" type="stmt"/>
      <line num="108" count="16" type="stmt"/>
      <line num="111" count="16" type="stmt"/>
      <line num="112" count="16" type="stmt"/>
      <line num="113" count="45" type="cond" truecount="4" falsecount="0"/>
      <line num="114" count="16" type="stmt"/>
      <line num="115" count="16" type="stmt"/>
      <line num="117" count="45" type="stmt"/>
      <line num="118" count="45" type="stmt"/>
      <line num="120" count="16" type="stmt"/>
      <line num="124" count="15" type="stmt"/>
      <line num="125" count="15" type="stmt"/>
      <line num="128" count="15" type="stmt"/>
      <line num="129" count="15" type="stmt"/>
      <line num="130" count="45" type="cond" truecount="4" falsecount="0"/>
      <line num="131" count="15" type="stmt"/>
      <line num="132" count="15" type="stmt"/>
      <line num="134" count="45" type="stmt"/>
      <line num="135" count="45" type="stmt"/>
      <line num="137" count="15" type="stmt"/>
      <line num="141" count="10" type="stmt"/>
      <line num="142" count="10" type="stmt"/>
      <line num="144" count="10" type="stmt"/>
      <line num="146" count="10" type="stmt"/>
      <line num="147" count="10" type="stmt"/>
      <line num="149" count="10" type="cond" truecount="2" falsecount="0"/>
      <line num="150" count="11" type="stmt"/>
      <line num="151" count="11" type="stmt"/>
      <line num="152" count="23" type="cond" truecount="2" falsecount="0"/>
      <line num="153" count="20" type="cond" truecount="2" falsecount="0"/>
      <line num="154" count="18" type="stmt"/>
      <line num="156" count="2" type="stmt"/>
      <line num="159" count="3" type="stmt"/>
      <line num="162" count="11" type="cond" truecount="2" falsecount="0"/>
      <line num="163" count="6" type="stmt"/>
      <line num="165" count="5" type="stmt"/>
      <line num="166" count="5" type="stmt"/>
      <line num="168" count="4" type="stmt"/>
      <line num="172" count="9" type="stmt"/>
      <line num="174" count="9" type="stmt"/>
      <line num="176" count="9" type="stmt"/>
      <line num="177" count="9" type="stmt"/>
      <line num="178" count="9" type="cond" truecount="2" falsecount="0"/>
      <line num="179" count="14" type="stmt"/>
      <line num="180" count="14" type="stmt"/>
      <line num="181" count="26" type="cond" truecount="2" falsecount="0"/>
      <line num="182" count="23" type="cond" truecount="2" falsecount="0"/>
      <line num="183" count="18" type="stmt"/>
      <line num="185" count="5" type="stmt"/>
      <line num="188" count="3" type="stmt"/>
      <line num="191" count="14" type="cond" truecount="2" falsecount="0"/>
      <line num="192" count="6" type="stmt"/>
      <line num="194" count="8" type="stmt"/>
      <line num="195" count="8" type="stmt"/>
      <line num="197" count="3" type="stmt"/>
      <line num="201" count="5" type="cond" truecount="2" falsecount="0"/>
      <line num="202" count="1" type="stmt"/>
      <line num="203" count="4" type="cond" truecount="2" falsecount="0"/>
      <line num="204" count="1" type="stmt"/>
      <line num="205" count="3" type="cond" truecount="2" falsecount="0"/>
      <line num="206" count="1" type="stmt"/>
      <line num="207" count="2" type="cond" truecount="2" falsecount="0"/>
      <line num="208" count="1" type="stmt"/>
      <line num="210" count="1" type="stmt"/>
      <line num="213" count="2" type="stmt"/>
      <line num="214" count="2" type="stmt"/>
      <line num="216" count="2" type="stmt"/>
      <line num="217" count="2" type="stmt"/>
      <line num="218" count="2" type="stmt"/>
      <line num="219" count="2" type="stmt"/>
      <line num="220" count="2" type="stmt"/>
      <line num="221" count="2" type="stmt"/>
      <line num="222" count="2" type="stmt"/>
      <line num="223" count="2" type="stmt"/>
      <line num="228" count="2" type="stmt"/>
      <line num="229" count="0" type="stmt"/>
      <line num="230" count="0" type="stmt"/>
      <line num="231" count="0" type="stmt"/>
      <line num="237" count="2" type="stmt"/>
      <line num="238" count="0" type="stmt"/>
      <line num="240" count="0" type="cond" truecount="0" falsecount="2"/>
      <line num="241" count="0" type="stmt"/>
      <line num="242" count="0" type="cond" truecount="0" falsecount="2"/>
      <line num="243" count="0" type="stmt"/>
      <line num="245" count="0" type="stmt"/>
      <line num="246" count="0" type="stmt"/>
      <line num="252" count="2" type="stmt"/>
      <line num="253" count="0" type="stmt"/>
      <line num="254" count="0" type="stmt"/>
      <line num="259" count="2" type="cond" truecount="1" falsecount="1"/>
      <line num="260" count="0" type="stmt"/>
      <line num="261" count="0" type="stmt"/>
      <line num="265" count="2" type="cond" truecount="1" falsecount="1"/>
      <line num="266" count="2" type="stmt"/>
    </file>
  </project>
</coverage>
