<?xml version="1.0" encoding="UTF-8"?>
<coverage generated="1600963915266" clover="3.2.0">
  <project timestamp="1600963915266" name="All files">
    <metrics statements="155" coveredstatements="137" conditionals="66" coveredconditionals="58" methods="17" coveredmethods="12" elements="238" coveredelements="207" complexity="0" loc="155" ncloc="155" packages="1" files="1" classes="1"/>
    <file name="server.js" path="/Users/athavan/GitHub/Connect4/BackEnd/source/server.js">
      <metrics statements="155" coveredstatements="137" conditionals="66" coveredconditionals="58" methods="17" coveredmethods="12"/>
      <line num="1" count="2" type="stmt"/>
      <line num="3" count="2" type="stmt"/>
      <line num="5" count="2" type="stmt"/>
      <line num="7" count="2" type="stmt"/>
      <line num="19" count="9" type="stmt"/>
      <line num="20" count="9" type="stmt"/>
      <line num="21" count="33" type="stmt"/>
      <line num="22" count="33" type="stmt"/>
      <line num="23" count="157" type="stmt"/>
      <line num="25" count="33" type="stmt"/>
      <line num="27" count="9" type="stmt"/>
      <line num="31" count="1" type="stmt"/>
      <line num="32" count="1" type="stmt"/>
      <line num="33" count="1" type="stmt"/>
      <line num="34" count="1" type="stmt"/>
      <line num="35" count="1" type="stmt"/>
      <line num="36" count="1" type="stmt"/>
      <line num="37" count="1" type="stmt"/>
      <line num="41" count="4" type="cond" truecount="2" falsecount="0"/>
      <line num="42" count="2" type="stmt"/>
      <line num="44" count="2" type="stmt"/>
      <line num="48" count="3" type="stmt"/>
      <line num="49" count="7" type="cond" truecount="2" falsecount="0"/>
      <line num="50" count="2" type="stmt"/>
      <line num="52" count="2" type="stmt"/>
      <line num="54" count="2" type="stmt"/>
      <line num="55" count="2" type="stmt"/>
      <line num="58" count="1" type="stmt"/>
      <line num="62" count="11" type="stmt"/>
      <line num="63" count="11" type="stmt"/>
      <line num="64" count="15" type="cond" truecount="4" falsecount="0"/>
      <line num="65" count="9" type="stmt"/>
      <line num="66" count="9" type="stmt"/>
      <line num="67" count="20" type="stmt"/>
      <line num="68" count="20" type="cond" truecount="4" falsecount="0"/>
      <line num="69" count="4" type="stmt"/>
      <line num="70" count="16" type="cond" truecount="1" falsecount="1"/>
      <line num="71" count="16" type="stmt"/>
      <line num="75" count="6" type="stmt"/>
      <line num="77" count="9" type="cond" truecount="2" falsecount="0"/>
      <line num="78" count="5" type="stmt"/>
      <line num="81" count="6" type="stmt"/>
      <line num="85" count="10" type="stmt"/>
      <line num="86" count="10" type="stmt"/>
      <line num="87" count="30" type="cond" truecount="2" falsecount="0"/>
      <line num="88" count="25" type="stmt"/>
      <line num="89" count="25" type="stmt"/>
      <line num="90" count="36" type="stmt"/>
      <line num="91" count="36" type="cond" truecount="4" falsecount="0"/>
      <line num="92" count="20" type="stmt"/>
      <line num="93" count="16" type="cond" truecount="1" falsecount="1"/>
      <line num="94" count="16" type="stmt"/>
      <line num="98" count="5" type="stmt"/>
      <line num="100" count="25" type="cond" truecount="2" falsecount="0"/>
      <line num="101" count="5" type="stmt"/>
      <line num="104" count="5" type="stmt"/>
      <line num="108" count="16" type="stmt"/>
      <line num="109" count="16" type="stmt"/>
      <line num="112" count="16" type="stmt"/>
      <line num="113" count="16" type="stmt"/>
      <line num="114" count="45" type="cond" truecount="4" falsecount="0"/>
      <line num="115" count="16" type="stmt"/>
      <line num="116" count="16" type="stmt"/>
      <line num="118" count="45" type="stmt"/>
      <line num="119" count="45" type="stmt"/>
      <line num="121" count="16" type="stmt"/>
      <line num="125" count="15" type="stmt"/>
      <line num="126" count="15" type="stmt"/>
      <line num="129" count="15" type="stmt"/>
      <line num="130" count="15" type="stmt"/>
      <line num="131" count="45" type="cond" truecount="4" falsecount="0"/>
      <line num="132" count="15" type="stmt"/>
      <line num="133" count="15" type="stmt"/>
      <line num="135" count="45" type="stmt"/>
      <line num="136" count="45" type="stmt"/>
      <line num="138" count="15" type="stmt"/>
      <line num="142" count="10" type="stmt"/>
      <line num="143" count="10" type="stmt"/>
      <line num="145" count="10" type="stmt"/>
      <line num="147" count="10" type="stmt"/>
      <line num="148" count="10" type="stmt"/>
      <line num="150" count="10" type="cond" truecount="2" falsecount="0"/>
      <line num="151" count="11" type="stmt"/>
      <line num="152" count="11" type="stmt"/>
      <line num="153" count="23" type="cond" truecount="2" falsecount="0"/>
      <line num="154" count="20" type="cond" truecount="2" falsecount="0"/>
      <line num="155" count="18" type="stmt"/>
      <line num="157" count="2" type="stmt"/>
      <line num="160" count="3" type="stmt"/>
      <line num="163" count="11" type="cond" truecount="2" falsecount="0"/>
      <line num="164" count="6" type="stmt"/>
      <line num="166" count="5" type="stmt"/>
      <line num="167" count="5" type="stmt"/>
      <line num="169" count="4" type="stmt"/>
      <line num="173" count="9" type="stmt"/>
      <line num="175" count="9" type="stmt"/>
      <line num="177" count="9" type="stmt"/>
      <line num="178" count="9" type="stmt"/>
      <line num="179" count="9" type="cond" truecount="2" falsecount="0"/>
      <line num="180" count="14" type="stmt"/>
      <line num="181" count="14" type="stmt"/>
      <line num="182" count="26" type="cond" truecount="2" falsecount="0"/>
      <line num="183" count="23" type="cond" truecount="2" falsecount="0"/>
      <line num="184" count="18" type="stmt"/>
      <line num="186" count="5" type="stmt"/>
      <line num="189" count="3" type="stmt"/>
      <line num="192" count="14" type="cond" truecount="2" falsecount="0"/>
      <line num="193" count="6" type="stmt"/>
      <line num="195" count="8" type="stmt"/>
      <line num="196" count="8" type="stmt"/>
      <line num="198" count="3" type="stmt"/>
      <line num="202" count="5" type="cond" truecount="2" falsecount="0"/>
      <line num="203" count="1" type="stmt"/>
      <line num="204" count="4" type="cond" truecount="2" falsecount="0"/>
      <line num="205" count="1" type="stmt"/>
      <line num="206" count="3" type="cond" truecount="2" falsecount="0"/>
      <line num="207" count="1" type="stmt"/>
      <line num="208" count="2" type="cond" truecount="2" falsecount="0"/>
      <line num="209" count="1" type="stmt"/>
      <line num="211" count="1" type="stmt"/>
      <line num="214" count="2" type="stmt"/>
      <line num="215" count="2" type="stmt"/>
      <line num="217" count="2" type="stmt"/>
      <line num="218" count="2" type="stmt"/>
      <line num="219" count="2" type="stmt"/>
      <line num="220" count="2" type="stmt"/>
      <line num="221" count="2" type="stmt"/>
      <line num="222" count="2" type="stmt"/>
      <line num="223" count="2" type="stmt"/>
      <line num="224" count="2" type="stmt"/>
      <line num="229" count="2" type="stmt"/>
      <line num="230" count="0" type="stmt"/>
      <line num="231" count="0" type="stmt"/>
      <line num="232" count="0" type="stmt"/>
      <line num="238" count="2" type="stmt"/>
      <line num="239" count="0" type="stmt"/>
      <line num="240" count="0" type="stmt"/>
      <line num="241" count="0" type="stmt"/>
      <line num="242" count="0" type="stmt"/>
      <line num="248" count="2" type="stmt"/>
      <line num="249" count="0" type="stmt"/>
      <line num="251" count="0" type="cond" truecount="0" falsecount="2"/>
      <line num="252" count="0" type="stmt"/>
      <line num="253" count="0" type="cond" truecount="0" falsecount="2"/>
      <line num="254" count="0" type="stmt"/>
      <line num="256" count="0" type="stmt"/>
      <line num="257" count="0" type="stmt"/>
      <line num="263" count="2" type="stmt"/>
      <line num="264" count="0" type="stmt"/>
      <line num="265" count="0" type="stmt"/>
      <line num="270" count="2" type="cond" truecount="1" falsecount="1"/>
      <line num="271" count="0" type="stmt"/>
      <line num="272" count="0" type="stmt"/>
      <line num="276" count="2" type="cond" truecount="1" falsecount="1"/>
      <line num="277" count="2" type="stmt"/>
    </file>
  </project>
</coverage>
