{"/Users/athavan/GitHub/Connect4/BackEnd/source/server.js": {"path":"/Users/athavan/GitHub/Connect4/BackEnd/source/server.js","statementMap":{"0":{"start":{"line":1,"column":16},"end":{"line":1,"column":34}},"1":{"start":{"line":3,"column":12},"end":{"line":3,"column":21}},"2":{"start":{"line":5,"column":0},"end":{"line":5,"column":21}},"3":{"start":{"line":7,"column":14},"end":{"line":12,"column":1}},"4":{"start":{"line":15,"column":32},"end":{"line":15,"column":34}},"5":{"start":{"line":16,"column":2},"end":{"line":22,"column":3}},"6":{"start":{"line":16,"column":15},"end":{"line":16,"column":16}},"7":{"start":{"line":17,"column":22},"end":{"line":17,"column":24}},"8":{"start":{"line":18,"column":4},"end":{"line":20,"column":5}},"9":{"start":{"line":18,"column":17},"end":{"line":18,"column":18}},"10":{"start":{"line":19,"column":6},"end":{"line":19,"column":27}},"11":{"start":{"line":21,"column":4},"end":{"line":21,"column":42}},"12":{"start":{"line":23,"column":2},"end":{"line":23,"column":31}},"13":{"start":{"line":27,"column":2},"end":{"line":27,"column":57}},"14":{"start":{"line":28,"column":2},"end":{"line":28,"column":53}},"15":{"start":{"line":29,"column":2},"end":{"line":29,"column":59}},"16":{"start":{"line":30,"column":2},"end":{"line":30,"column":53}},"17":{"start":{"line":34,"column":2},"end":{"line":36,"column":3}},"18":{"start":{"line":35,"column":4},"end":{"line":35,"column":17}},"19":{"start":{"line":37,"column":2},"end":{"line":37,"column":18}},"20":{"start":{"line":41,"column":2},"end":{"line":50,"column":3}},"21":{"start":{"line":41,"column":15},"end":{"line":41,"column":60}},"22":{"start":{"line":42,"column":4},"end":{"line":49,"column":5}},"23":{"start":{"line":43,"column":6},"end":{"line":43,"column":66}},"24":{"start":{"line":45,"column":6},"end":{"line":45,"column":62}},"25":{"start":{"line":47,"column":25},"end":{"line":47,"column":46}},"26":{"start":{"line":48,"column":6},"end":{"line":48,"column":24}},"27":{"start":{"line":51,"column":2},"end":{"line":51,"column":14}},"28":{"start":{"line":55,"column":24},"end":{"line":55,"column":25}},"29":{"start":{"line":56,"column":2},"end":{"line":73,"column":3}},"30":{"start":{"line":56,"column":15},"end":{"line":56,"column":53}},"31":{"start":{"line":57,"column":4},"end":{"line":69,"column":5}},"32":{"start":{"line":58,"column":6},"end":{"line":58,"column":26}},"33":{"start":{"line":59,"column":6},"end":{"line":66,"column":7}},"34":{"start":{"line":59,"column":19},"end":{"line":59,"column":20}},"35":{"start":{"line":60,"column":31},"end":{"line":60,"column":65}},"36":{"start":{"line":61,"column":8},"end":{"line":65,"column":9}},"37":{"start":{"line":62,"column":10},"end":{"line":62,"column":16}},"38":{"start":{"line":63,"column":15},"end":{"line":65,"column":9}},"39":{"start":{"line":64,"column":10},"end":{"line":64,"column":31}},"40":{"start":{"line":68,"column":6},"end":{"line":68,"column":12}},"41":{"start":{"line":70,"column":4},"end":{"line":72,"column":5}},"42":{"start":{"line":71,"column":6},"end":{"line":71,"column":44}},"43":{"start":{"line":74,"column":2},"end":{"line":74,"column":14}},"44":{"start":{"line":78,"column":24},"end":{"line":78,"column":25}},"45":{"start":{"line":79,"column":2},"end":{"line":96,"column":3}},"46":{"start":{"line":79,"column":15},"end":{"line":79,"column":16}},"47":{"start":{"line":80,"column":4},"end":{"line":92,"column":5}},"48":{"start":{"line":81,"column":6},"end":{"line":81,"column":26}},"49":{"start":{"line":82,"column":6},"end":{"line":89,"column":7}},"50":{"start":{"line":82,"column":19},"end":{"line":82,"column":20}},"51":{"start":{"line":83,"column":32},"end":{"line":83,"column":63}},"52":{"start":{"line":84,"column":8},"end":{"line":88,"column":9}},"53":{"start":{"line":85,"column":10},"end":{"line":85,"column":16}},"54":{"start":{"line":86,"column":15},"end":{"line":88,"column":9}},"55":{"start":{"line":87,"column":10},"end":{"line":87,"column":31}},"56":{"start":{"line":91,"column":6},"end":{"line":91,"column":12}},"57":{"start":{"line":93,"column":4},"end":{"line":95,"column":5}},"58":{"start":{"line":94,"column":6},"end":{"line":94,"column":41}},"59":{"start":{"line":97,"column":2},"end":{"line":97,"column":14}},"60":{"start":{"line":101,"column":18},"end":{"line":101,"column":29}},"61":{"start":{"line":102,"column":15},"end":{"line":102,"column":23}},"62":{"start":{"line":105,"column":17},"end":{"line":105,"column":22}},"63":{"start":{"line":106,"column":2},"end":{"line":113,"column":3}},"64":{"start":{"line":107,"column":4},"end":{"line":110,"column":5}},"65":{"start":{"line":108,"column":6},"end":{"line":108,"column":47}},"66":{"start":{"line":109,"column":6},"end":{"line":109,"column":22}},"67":{"start":{"line":111,"column":4},"end":{"line":111,"column":19}},"68":{"start":{"line":112,"column":4},"end":{"line":112,"column":16}},"69":{"start":{"line":114,"column":2},"end":{"line":114,"column":28}},"70":{"start":{"line":118,"column":18},"end":{"line":118,"column":29}},"71":{"start":{"line":119,"column":15},"end":{"line":119,"column":23}},"72":{"start":{"line":122,"column":17},"end":{"line":122,"column":22}},"73":{"start":{"line":123,"column":2},"end":{"line":130,"column":3}},"74":{"start":{"line":124,"column":4},"end":{"line":127,"column":5}},"75":{"start":{"line":125,"column":6},"end":{"line":125,"column":48}},"76":{"start":{"line":126,"column":6},"end":{"line":126,"column":22}},"77":{"start":{"line":128,"column":4},"end":{"line":128,"column":19}},"78":{"start":{"line":129,"column":4},"end":{"line":129,"column":16}},"79":{"start":{"line":131,"column":2},"end":{"line":131,"column":29}},"80":{"start":{"line":135,"column":24},"end":{"line":135,"column":25}},"81":{"start":{"line":136,"column":23},"end":{"line":136,"column":44}},"82":{"start":{"line":138,"column":30},"end":{"line":138,"column":86}},"83":{"start":{"line":140,"column":18},"end":{"line":140,"column":40}},"84":{"start":{"line":141,"column":15},"end":{"line":141,"column":37}},"85":{"start":{"line":143,"column":2},"end":{"line":161,"column":3}},"86":{"start":{"line":144,"column":4},"end":{"line":144,"column":24}},"87":{"start":{"line":145,"column":4},"end":{"line":155,"column":5}},"88":{"start":{"line":145,"column":17},"end":{"line":145,"column":18}},"89":{"start":{"line":146,"column":6},"end":{"line":154,"column":7}},"90":{"start":{"line":147,"column":8},"end":{"line":151,"column":9}},"91":{"start":{"line":148,"column":10},"end":{"line":148,"column":31}},"92":{"start":{"line":150,"column":10},"end":{"line":150,"column":16}},"93":{"start":{"line":153,"column":8},"end":{"line":153,"column":14}},"94":{"start":{"line":156,"column":4},"end":{"line":158,"column":5}},"95":{"start":{"line":157,"column":6},"end":{"line":157,"column":47}},"96":{"start":{"line":159,"column":4},"end":{"line":159,"column":19}},"97":{"start":{"line":160,"column":4},"end":{"line":160,"column":16}},"98":{"start":{"line":162,"column":2},"end":{"line":162,"column":14}},"99":{"start":{"line":166,"column":24},"end":{"line":166,"column":25}},"100":{"start":{"line":168,"column":31},"end":{"line":168,"column":88}},"101":{"start":{"line":170,"column":18},"end":{"line":170,"column":41}},"102":{"start":{"line":171,"column":15},"end":{"line":171,"column":38}},"103":{"start":{"line":172,"column":2},"end":{"line":190,"column":3}},"104":{"start":{"line":173,"column":4},"end":{"line":173,"column":24}},"105":{"start":{"line":174,"column":4},"end":{"line":184,"column":5}},"106":{"start":{"line":174,"column":17},"end":{"line":174,"column":18}},"107":{"start":{"line":175,"column":6},"end":{"line":183,"column":7}},"108":{"start":{"line":176,"column":8},"end":{"line":180,"column":9}},"109":{"start":{"line":177,"column":10},"end":{"line":177,"column":31}},"110":{"start":{"line":179,"column":10},"end":{"line":179,"column":16}},"111":{"start":{"line":182,"column":8},"end":{"line":182,"column":14}},"112":{"start":{"line":185,"column":4},"end":{"line":187,"column":5}},"113":{"start":{"line":186,"column":6},"end":{"line":186,"column":47}},"114":{"start":{"line":188,"column":4},"end":{"line":188,"column":19}},"115":{"start":{"line":189,"column":4},"end":{"line":189,"column":16}},"116":{"start":{"line":191,"column":2},"end":{"line":191,"column":14}},"117":{"start":{"line":195,"column":2},"end":{"line":197,"column":3}},"118":{"start":{"line":196,"column":4},"end":{"line":196,"column":62}},"119":{"start":{"line":197,"column":4},"end":{"line":199,"column":3}},"120":{"start":{"line":198,"column":4},"end":{"line":198,"column":56}},"121":{"start":{"line":199,"column":4},"end":{"line":201,"column":3}},"122":{"start":{"line":200,"column":4},"end":{"line":200,"column":79}},"123":{"start":{"line":201,"column":4},"end":{"line":203,"column":3}},"124":{"start":{"line":202,"column":4},"end":{"line":202,"column":78}},"125":{"start":{"line":204,"column":2},"end":{"line":204,"column":14}},"126":{"start":{"line":207,"column":0},"end":{"line":207,"column":45}},"127":{"start":{"line":208,"column":0},"end":{"line":208,"column":24}},"128":{"start":{"line":210,"column":0},"end":{"line":219,"column":3}},"129":{"start":{"line":211,"column":2},"end":{"line":211,"column":38}},"130":{"start":{"line":212,"column":2},"end":{"line":212,"column":44}},"131":{"start":{"line":213,"column":2},"end":{"line":213,"column":97}},"132":{"start":{"line":214,"column":2},"end":{"line":214,"column":30}},"133":{"start":{"line":215,"column":2},"end":{"line":215,"column":18}},"134":{"start":{"line":216,"column":2},"end":{"line":218,"column":5}},"135":{"start":{"line":221,"column":0},"end":{"line":228,"column":3}},"136":{"start":{"line":222,"column":24},"end":{"line":222,"column":53}},"137":{"start":{"line":223,"column":2},"end":{"line":223,"column":18}},"138":{"start":{"line":224,"column":2},"end":{"line":227,"column":5}},"139":{"start":{"line":230,"column":0},"end":{"line":235,"column":3}},"140":{"start":{"line":231,"column":16},"end":{"line":231,"column":86}},"141":{"start":{"line":232,"column":2},"end":{"line":234,"column":5}},"142":{"start":{"line":237,"column":0},"end":{"line":241,"column":1}},"143":{"start":{"line":238,"column":2},"end":{"line":240,"column":5}},"144":{"start":{"line":239,"column":4},"end":{"line":239,"column":47}},"145":{"start":{"line":243,"column":0},"end":{"line":259,"column":1}},"146":{"start":{"line":244,"column":2},"end":{"line":257,"column":4}}},"fnMap":{"0":{"name":"setupGameBoardValuesArray","decl":{"start":{"line":14,"column":9},"end":{"line":14,"column":34}},"loc":{"start":{"line":14,"column":48},"end":{"line":24,"column":1}},"line":14},"1":{"name":"updateStateValues","decl":{"start":{"line":26,"column":9},"end":{"line":26,"column":26}},"loc":{"start":{"line":26,"column":43},"end":{"line":31,"column":1}},"line":26},"2":{"name":"changePlayer","decl":{"start":{"line":33,"column":9},"end":{"line":33,"column":21}},"loc":{"start":{"line":33,"column":43},"end":{"line":38,"column":1}},"line":33},"3":{"name":"placeCounter","decl":{"start":{"line":40,"column":9},"end":{"line":40,"column":21}},"loc":{"start":{"line":40,"column":35},"end":{"line":52,"column":1}},"line":40},"4":{"name":"checkColumnWin","decl":{"start":{"line":54,"column":9},"end":{"line":54,"column":23}},"loc":{"start":{"line":54,"column":53},"end":{"line":75,"column":1}},"line":54},"5":{"name":"checkRowWin","decl":{"start":{"line":77,"column":9},"end":{"line":77,"column":20}},"loc":{"start":{"line":77,"column":47},"end":{"line":98,"column":1}},"line":77},"6":{"name":"getLeftDiagnoalPoint","decl":{"start":{"line":100,"column":9},"end":{"line":100,"column":29}},"loc":{"start":{"line":100,"column":69},"end":{"line":115,"column":1}},"line":100},"7":{"name":"getRightDiagnoalPoint","decl":{"start":{"line":117,"column":9},"end":{"line":117,"column":30}},"loc":{"start":{"line":117,"column":70},"end":{"line":132,"column":1}},"line":117},"8":{"name":"checkRightDiagonalWin","decl":{"start":{"line":134,"column":9},"end":{"line":134,"column":30}},"loc":{"start":{"line":134,"column":67},"end":{"line":163,"column":1}},"line":134},"9":{"name":"checkLeftDiagonalWin","decl":{"start":{"line":165,"column":9},"end":{"line":165,"column":29}},"loc":{"start":{"line":165,"column":66},"end":{"line":192,"column":1}},"line":165},"10":{"name":"checkWinner","decl":{"start":{"line":194,"column":9},"end":{"line":194,"column":20}},"loc":{"start":{"line":194,"column":44},"end":{"line":205,"column":1}},"line":194},"11":{"name":"(anonymous_11)","decl":{"start":{"line":210,"column":26},"end":{"line":210,"column":27}},"loc":{"start":{"line":210,"column":40},"end":{"line":219,"column":1}},"line":210},"12":{"name":"(anonymous_12)","decl":{"start":{"line":221,"column":26},"end":{"line":221,"column":27}},"loc":{"start":{"line":221,"column":40},"end":{"line":228,"column":1}},"line":221},"13":{"name":"(anonymous_13)","decl":{"start":{"line":230,"column":22},"end":{"line":230,"column":23}},"loc":{"start":{"line":230,"column":36},"end":{"line":235,"column":1}},"line":230},"14":{"name":"(anonymous_14)","decl":{"start":{"line":238,"column":19},"end":{"line":238,"column":20}},"loc":{"start":{"line":238,"column":25},"end":{"line":240,"column":3}},"line":238}},"branchMap":{"0":{"loc":{"start":{"line":34,"column":2},"end":{"line":36,"column":3}},"type":"if","locations":[{"start":{"line":34,"column":2},"end":{"line":36,"column":3}},{"start":{"line":34,"column":2},"end":{"line":36,"column":3}}],"line":34},"1":{"loc":{"start":{"line":42,"column":4},"end":{"line":49,"column":5}},"type":"if","locations":[{"start":{"line":42,"column":4},"end":{"line":49,"column":5}},{"start":{"line":42,"column":4},"end":{"line":49,"column":5}}],"line":42},"2":{"loc":{"start":{"line":57,"column":4},"end":{"line":69,"column":5}},"type":"if","locations":[{"start":{"line":57,"column":4},"end":{"line":69,"column":5}},{"start":{"line":57,"column":4},"end":{"line":69,"column":5}}],"line":57},"3":{"loc":{"start":{"line":57,"column":8},"end":{"line":57,"column":63}},"type":"binary-expr","locations":[{"start":{"line":57,"column":8},"end":{"line":57,"column":20}},{"start":{"line":57,"column":24},"end":{"line":57,"column":63}}],"line":57},"4":{"loc":{"start":{"line":61,"column":8},"end":{"line":65,"column":9}},"type":"if","locations":[{"start":{"line":61,"column":8},"end":{"line":65,"column":9}},{"start":{"line":61,"column":8},"end":{"line":65,"column":9}}],"line":61},"5":{"loc":{"start":{"line":61,"column":12},"end":{"line":61,"column":88}},"type":"binary-expr","locations":[{"start":{"line":61,"column":12},"end":{"line":61,"column":61}},{"start":{"line":61,"column":65},"end":{"line":61,"column":88}}],"line":61},"6":{"loc":{"start":{"line":63,"column":15},"end":{"line":65,"column":9}},"type":"if","locations":[{"start":{"line":63,"column":15},"end":{"line":65,"column":9}},{"start":{"line":63,"column":15},"end":{"line":65,"column":9}}],"line":63},"7":{"loc":{"start":{"line":70,"column":4},"end":{"line":72,"column":5}},"type":"if","locations":[{"start":{"line":70,"column":4},"end":{"line":72,"column":5}},{"start":{"line":70,"column":4},"end":{"line":72,"column":5}}],"line":70},"8":{"loc":{"start":{"line":80,"column":4},"end":{"line":92,"column":5}},"type":"if","locations":[{"start":{"line":80,"column":4},"end":{"line":92,"column":5}},{"start":{"line":80,"column":4},"end":{"line":92,"column":5}}],"line":80},"9":{"loc":{"start":{"line":84,"column":8},"end":{"line":88,"column":9}},"type":"if","locations":[{"start":{"line":84,"column":8},"end":{"line":88,"column":9}},{"start":{"line":84,"column":8},"end":{"line":88,"column":9}}],"line":84},"10":{"loc":{"start":{"line":84,"column":12},"end":{"line":84,"column":87}},"type":"binary-expr","locations":[{"start":{"line":84,"column":12},"end":{"line":84,"column":59}},{"start":{"line":84,"column":63},"end":{"line":84,"column":87}}],"line":84},"11":{"loc":{"start":{"line":86,"column":15},"end":{"line":88,"column":9}},"type":"if","locations":[{"start":{"line":86,"column":15},"end":{"line":88,"column":9}},{"start":{"line":86,"column":15},"end":{"line":88,"column":9}}],"line":86},"12":{"loc":{"start":{"line":93,"column":4},"end":{"line":95,"column":5}},"type":"if","locations":[{"start":{"line":93,"column":4},"end":{"line":95,"column":5}},{"start":{"line":93,"column":4},"end":{"line":95,"column":5}}],"line":93},"13":{"loc":{"start":{"line":107,"column":4},"end":{"line":110,"column":5}},"type":"if","locations":[{"start":{"line":107,"column":4},"end":{"line":110,"column":5}},{"start":{"line":107,"column":4},"end":{"line":110,"column":5}}],"line":107},"14":{"loc":{"start":{"line":107,"column":8},"end":{"line":107,"column":70}},"type":"binary-expr","locations":[{"start":{"line":107,"column":8},"end":{"line":107,"column":25}},{"start":{"line":107,"column":29},"end":{"line":107,"column":70}}],"line":107},"15":{"loc":{"start":{"line":124,"column":4},"end":{"line":127,"column":5}},"type":"if","locations":[{"start":{"line":124,"column":4},"end":{"line":127,"column":5}},{"start":{"line":124,"column":4},"end":{"line":127,"column":5}}],"line":124},"16":{"loc":{"start":{"line":124,"column":8},"end":{"line":124,"column":94}},"type":"binary-expr","locations":[{"start":{"line":124,"column":8},"end":{"line":124,"column":49}},{"start":{"line":124,"column":53},"end":{"line":124,"column":94}}],"line":124},"17":{"loc":{"start":{"line":143,"column":9},"end":{"line":143,"column":53}},"type":"binary-expr","locations":[{"start":{"line":143,"column":9},"end":{"line":143,"column":38}},{"start":{"line":143,"column":42},"end":{"line":143,"column":53}}],"line":143},"18":{"loc":{"start":{"line":146,"column":6},"end":{"line":154,"column":7}},"type":"if","locations":[{"start":{"line":146,"column":6},"end":{"line":154,"column":7}},{"start":{"line":146,"column":6},"end":{"line":154,"column":7}}],"line":146},"19":{"loc":{"start":{"line":147,"column":8},"end":{"line":151,"column":9}},"type":"if","locations":[{"start":{"line":147,"column":8},"end":{"line":151,"column":9}},{"start":{"line":147,"column":8},"end":{"line":151,"column":9}}],"line":147},"20":{"loc":{"start":{"line":156,"column":4},"end":{"line":158,"column":5}},"type":"if","locations":[{"start":{"line":156,"column":4},"end":{"line":158,"column":5}},{"start":{"line":156,"column":4},"end":{"line":158,"column":5}}],"line":156},"21":{"loc":{"start":{"line":172,"column":9},"end":{"line":172,"column":38}},"type":"binary-expr","locations":[{"start":{"line":172,"column":9},"end":{"line":172,"column":23}},{"start":{"line":172,"column":27},"end":{"line":172,"column":38}}],"line":172},"22":{"loc":{"start":{"line":175,"column":6},"end":{"line":183,"column":7}},"type":"if","locations":[{"start":{"line":175,"column":6},"end":{"line":183,"column":7}},{"start":{"line":175,"column":6},"end":{"line":183,"column":7}}],"line":175},"23":{"loc":{"start":{"line":176,"column":8},"end":{"line":180,"column":9}},"type":"if","locations":[{"start":{"line":176,"column":8},"end":{"line":180,"column":9}},{"start":{"line":176,"column":8},"end":{"line":180,"column":9}}],"line":176},"24":{"loc":{"start":{"line":185,"column":4},"end":{"line":187,"column":5}},"type":"if","locations":[{"start":{"line":185,"column":4},"end":{"line":187,"column":5}},{"start":{"line":185,"column":4},"end":{"line":187,"column":5}}],"line":185},"25":{"loc":{"start":{"line":195,"column":2},"end":{"line":197,"column":3}},"type":"if","locations":[{"start":{"line":195,"column":2},"end":{"line":197,"column":3}},{"start":{"line":195,"column":2},"end":{"line":197,"column":3}}],"line":195},"26":{"loc":{"start":{"line":197,"column":4},"end":{"line":199,"column":3}},"type":"if","locations":[{"start":{"line":197,"column":4},"end":{"line":199,"column":3}},{"start":{"line":197,"column":4},"end":{"line":199,"column":3}}],"line":197},"27":{"loc":{"start":{"line":199,"column":4},"end":{"line":201,"column":3}},"type":"if","locations":[{"start":{"line":199,"column":4},"end":{"line":201,"column":3}},{"start":{"line":199,"column":4},"end":{"line":201,"column":3}}],"line":199},"28":{"loc":{"start":{"line":201,"column":4},"end":{"line":203,"column":3}},"type":"if","locations":[{"start":{"line":201,"column":4},"end":{"line":203,"column":3}},{"start":{"line":201,"column":4},"end":{"line":203,"column":3}}],"line":201},"29":{"loc":{"start":{"line":237,"column":0},"end":{"line":241,"column":1}},"type":"if","locations":[{"start":{"line":237,"column":0},"end":{"line":241,"column":1}},{"start":{"line":237,"column":0},"end":{"line":241,"column":1}}],"line":237},"30":{"loc":{"start":{"line":243,"column":0},"end":{"line":259,"column":1}},"type":"if","locations":[{"start":{"line":243,"column":0},"end":{"line":259,"column":1}},{"start":{"line":243,"column":0},"end":{"line":259,"column":1}}],"line":243}},"s":{"0":2,"1":2,"2":2,"3":2,"4":6,"5":6,"6":6,"7":21,"8":21,"9":21,"10":109,"11":21,"12":6,"13":0,"14":0,"15":0,"16":0,"17":2,"18":1,"19":1,"20":0,"21":0,"22":0,"23":0,"24":0,"25":0,"26":0,"27":0,"28":5,"29":5,"30":5,"31":8,"32":6,"33":6,"34":6,"35":13,"36":13,"37":3,"38":10,"39":10,"40":2,"41":6,"42":3,"43":2,"44":5,"45":5,"46":5,"47":12,"48":10,"49":10,"50":10,"51":17,"52":17,"53":7,"54":10,"55":10,"56":2,"57":10,"58":3,"59":2,"60":12,"61":12,"62":12,"63":12,"64":32,"65":12,"66":12,"67":32,"68":32,"69":12,"70":12,"71":12,"72":12,"73":12,"74":32,"75":12,"76":12,"77":32,"78":32,"79":12,"80":6,"81":6,"82":6,"83":6,"84":6,"85":6,"86":7,"87":7,"88":7,"89":15,"90":14,"91":12,"92":2,"93":1,"94":7,"95":4,"96":3,"97":3,"98":2,"99":6,"100":6,"101":6,"102":6,"103":6,"104":8,"105":8,"106":8,"107":16,"108":15,"109":12,"110":3,"111":1,"112":8,"113":4,"114":4,"115":4,"116":2,"117":0,"118":0,"119":0,"120":0,"121":0,"122":0,"123":0,"124":0,"125":0,"126":2,"127":2,"128":2,"129":2,"130":2,"131":2,"132":2,"133":2,"134":2,"135":2,"136":0,"137":0,"138":0,"139":2,"140":0,"141":0,"142":2,"143":0,"144":0,"145":2,"146":2},"f":{"0":6,"1":0,"2":2,"3":0,"4":5,"5":5,"6":12,"7":12,"8":6,"9":6,"10":0,"11":2,"12":0,"13":0,"14":0},"b":{"0":[1,1],"1":[0,0],"2":[6,2],"3":[8,7],"4":[3,10],"5":[13,10],"6":[10,0],"7":[3,3],"8":[10,2],"9":[7,10],"10":[17,13],"11":[10,0],"12":[3,7],"13":[12,20],"14":[32,22],"15":[12,20],"16":[32,26],"17":[9,8],"18":[14,1],"19":[12,2],"20":[4,3],"21":[10,9],"22":[15,1],"23":[12,3],"24":[4,4],"25":[0,0],"26":[0,0],"27":[0,0],"28":[0,0],"29":[0,2],"30":[2,0]},"_coverageSchema":"1a1c01bbd47fc00a2c39e90264f33305004495a9","hash":"0f68bf3c3fd638271d1cf996ff176752fd803b7a"}
}
