{"/Users/athavan/GitHub/Connect4/BackEnd/source/server.js": {"path":"/Users/athavan/GitHub/Connect4/BackEnd/source/server.js","statementMap":{"0":{"start":{"line":1,"column":16},"end":{"line":1,"column":34}},"1":{"start":{"line":3,"column":12},"end":{"line":3,"column":21}},"2":{"start":{"line":5,"column":0},"end":{"line":5,"column":21}},"3":{"start":{"line":7,"column":14},"end":{"line":16,"column":1}},"4":{"start":{"line":19,"column":32},"end":{"line":19,"column":34}},"5":{"start":{"line":20,"column":2},"end":{"line":26,"column":3}},"6":{"start":{"line":20,"column":15},"end":{"line":20,"column":16}},"7":{"start":{"line":21,"column":22},"end":{"line":21,"column":24}},"8":{"start":{"line":22,"column":4},"end":{"line":24,"column":5}},"9":{"start":{"line":22,"column":17},"end":{"line":22,"column":18}},"10":{"start":{"line":23,"column":6},"end":{"line":23,"column":27}},"11":{"start":{"line":25,"column":4},"end":{"line":25,"column":42}},"12":{"start":{"line":27,"column":2},"end":{"line":27,"column":31}},"13":{"start":{"line":31,"column":2},"end":{"line":31,"column":57}},"14":{"start":{"line":32,"column":2},"end":{"line":32,"column":53}},"15":{"start":{"line":33,"column":2},"end":{"line":33,"column":59}},"16":{"start":{"line":34,"column":2},"end":{"line":34,"column":53}},"17":{"start":{"line":35,"column":2},"end":{"line":35,"column":47}},"18":{"start":{"line":36,"column":2},"end":{"line":36,"column":55}},"19":{"start":{"line":37,"column":2},"end":{"line":37,"column":49}},"20":{"start":{"line":41,"column":2},"end":{"line":43,"column":3}},"21":{"start":{"line":42,"column":4},"end":{"line":42,"column":17}},"22":{"start":{"line":44,"column":2},"end":{"line":44,"column":18}},"23":{"start":{"line":48,"column":2},"end":{"line":57,"column":3}},"24":{"start":{"line":48,"column":15},"end":{"line":48,"column":60}},"25":{"start":{"line":49,"column":4},"end":{"line":56,"column":5}},"26":{"start":{"line":50,"column":6},"end":{"line":50,"column":66}},"27":{"start":{"line":52,"column":6},"end":{"line":52,"column":62}},"28":{"start":{"line":54,"column":25},"end":{"line":54,"column":46}},"29":{"start":{"line":55,"column":6},"end":{"line":55,"column":24}},"30":{"start":{"line":58,"column":2},"end":{"line":58,"column":14}},"31":{"start":{"line":62,"column":24},"end":{"line":62,"column":25}},"32":{"start":{"line":63,"column":2},"end":{"line":80,"column":3}},"33":{"start":{"line":63,"column":15},"end":{"line":63,"column":53}},"34":{"start":{"line":64,"column":4},"end":{"line":76,"column":5}},"35":{"start":{"line":65,"column":6},"end":{"line":65,"column":26}},"36":{"start":{"line":66,"column":6},"end":{"line":73,"column":7}},"37":{"start":{"line":66,"column":19},"end":{"line":66,"column":20}},"38":{"start":{"line":67,"column":31},"end":{"line":67,"column":65}},"39":{"start":{"line":68,"column":8},"end":{"line":72,"column":9}},"40":{"start":{"line":69,"column":10},"end":{"line":69,"column":16}},"41":{"start":{"line":70,"column":15},"end":{"line":72,"column":9}},"42":{"start":{"line":71,"column":10},"end":{"line":71,"column":31}},"43":{"start":{"line":75,"column":6},"end":{"line":75,"column":12}},"44":{"start":{"line":77,"column":4},"end":{"line":79,"column":5}},"45":{"start":{"line":78,"column":6},"end":{"line":78,"column":44}},"46":{"start":{"line":81,"column":2},"end":{"line":81,"column":14}},"47":{"start":{"line":85,"column":24},"end":{"line":85,"column":25}},"48":{"start":{"line":86,"column":2},"end":{"line":103,"column":3}},"49":{"start":{"line":86,"column":15},"end":{"line":86,"column":16}},"50":{"start":{"line":87,"column":4},"end":{"line":99,"column":5}},"51":{"start":{"line":88,"column":6},"end":{"line":88,"column":26}},"52":{"start":{"line":89,"column":6},"end":{"line":96,"column":7}},"53":{"start":{"line":89,"column":19},"end":{"line":89,"column":20}},"54":{"start":{"line":90,"column":32},"end":{"line":90,"column":63}},"55":{"start":{"line":91,"column":8},"end":{"line":95,"column":9}},"56":{"start":{"line":92,"column":10},"end":{"line":92,"column":16}},"57":{"start":{"line":93,"column":15},"end":{"line":95,"column":9}},"58":{"start":{"line":94,"column":10},"end":{"line":94,"column":31}},"59":{"start":{"line":98,"column":6},"end":{"line":98,"column":12}},"60":{"start":{"line":100,"column":4},"end":{"line":102,"column":5}},"61":{"start":{"line":101,"column":6},"end":{"line":101,"column":41}},"62":{"start":{"line":104,"column":2},"end":{"line":104,"column":14}},"63":{"start":{"line":108,"column":18},"end":{"line":108,"column":29}},"64":{"start":{"line":109,"column":15},"end":{"line":109,"column":23}},"65":{"start":{"line":112,"column":17},"end":{"line":112,"column":22}},"66":{"start":{"line":113,"column":2},"end":{"line":120,"column":3}},"67":{"start":{"line":114,"column":4},"end":{"line":117,"column":5}},"68":{"start":{"line":115,"column":6},"end":{"line":115,"column":47}},"69":{"start":{"line":116,"column":6},"end":{"line":116,"column":22}},"70":{"start":{"line":118,"column":4},"end":{"line":118,"column":19}},"71":{"start":{"line":119,"column":4},"end":{"line":119,"column":16}},"72":{"start":{"line":121,"column":2},"end":{"line":121,"column":28}},"73":{"start":{"line":125,"column":18},"end":{"line":125,"column":29}},"74":{"start":{"line":126,"column":15},"end":{"line":126,"column":23}},"75":{"start":{"line":129,"column":17},"end":{"line":129,"column":22}},"76":{"start":{"line":130,"column":2},"end":{"line":137,"column":3}},"77":{"start":{"line":131,"column":4},"end":{"line":134,"column":5}},"78":{"start":{"line":132,"column":6},"end":{"line":132,"column":48}},"79":{"start":{"line":133,"column":6},"end":{"line":133,"column":22}},"80":{"start":{"line":135,"column":4},"end":{"line":135,"column":19}},"81":{"start":{"line":136,"column":4},"end":{"line":136,"column":16}},"82":{"start":{"line":138,"column":2},"end":{"line":138,"column":29}},"83":{"start":{"line":142,"column":24},"end":{"line":142,"column":25}},"84":{"start":{"line":143,"column":23},"end":{"line":143,"column":44}},"85":{"start":{"line":145,"column":30},"end":{"line":145,"column":86}},"86":{"start":{"line":147,"column":18},"end":{"line":147,"column":40}},"87":{"start":{"line":148,"column":15},"end":{"line":148,"column":37}},"88":{"start":{"line":150,"column":2},"end":{"line":168,"column":3}},"89":{"start":{"line":151,"column":4},"end":{"line":151,"column":24}},"90":{"start":{"line":152,"column":4},"end":{"line":162,"column":5}},"91":{"start":{"line":152,"column":17},"end":{"line":152,"column":18}},"92":{"start":{"line":153,"column":6},"end":{"line":161,"column":7}},"93":{"start":{"line":154,"column":8},"end":{"line":158,"column":9}},"94":{"start":{"line":155,"column":10},"end":{"line":155,"column":31}},"95":{"start":{"line":157,"column":10},"end":{"line":157,"column":16}},"96":{"start":{"line":160,"column":8},"end":{"line":160,"column":14}},"97":{"start":{"line":163,"column":4},"end":{"line":165,"column":5}},"98":{"start":{"line":164,"column":6},"end":{"line":164,"column":47}},"99":{"start":{"line":166,"column":4},"end":{"line":166,"column":19}},"100":{"start":{"line":167,"column":4},"end":{"line":167,"column":16}},"101":{"start":{"line":169,"column":2},"end":{"line":169,"column":14}},"102":{"start":{"line":173,"column":24},"end":{"line":173,"column":25}},"103":{"start":{"line":175,"column":31},"end":{"line":175,"column":88}},"104":{"start":{"line":177,"column":18},"end":{"line":177,"column":41}},"105":{"start":{"line":178,"column":15},"end":{"line":178,"column":38}},"106":{"start":{"line":179,"column":2},"end":{"line":197,"column":3}},"107":{"start":{"line":180,"column":4},"end":{"line":180,"column":24}},"108":{"start":{"line":181,"column":4},"end":{"line":191,"column":5}},"109":{"start":{"line":181,"column":17},"end":{"line":181,"column":18}},"110":{"start":{"line":182,"column":6},"end":{"line":190,"column":7}},"111":{"start":{"line":183,"column":8},"end":{"line":187,"column":9}},"112":{"start":{"line":184,"column":10},"end":{"line":184,"column":31}},"113":{"start":{"line":186,"column":10},"end":{"line":186,"column":16}},"114":{"start":{"line":189,"column":8},"end":{"line":189,"column":14}},"115":{"start":{"line":192,"column":4},"end":{"line":194,"column":5}},"116":{"start":{"line":193,"column":6},"end":{"line":193,"column":47}},"117":{"start":{"line":195,"column":4},"end":{"line":195,"column":19}},"118":{"start":{"line":196,"column":4},"end":{"line":196,"column":16}},"119":{"start":{"line":198,"column":2},"end":{"line":198,"column":14}},"120":{"start":{"line":202,"column":2},"end":{"line":204,"column":3}},"121":{"start":{"line":203,"column":4},"end":{"line":203,"column":55}},"122":{"start":{"line":204,"column":4},"end":{"line":206,"column":3}},"123":{"start":{"line":205,"column":4},"end":{"line":205,"column":49}},"124":{"start":{"line":206,"column":4},"end":{"line":208,"column":3}},"125":{"start":{"line":207,"column":4},"end":{"line":207,"column":72}},"126":{"start":{"line":208,"column":4},"end":{"line":210,"column":3}},"127":{"start":{"line":209,"column":4},"end":{"line":209,"column":71}},"128":{"start":{"line":211,"column":2},"end":{"line":211,"column":14}},"129":{"start":{"line":214,"column":0},"end":{"line":214,"column":45}},"130":{"start":{"line":215,"column":0},"end":{"line":215,"column":24}},"131":{"start":{"line":217,"column":0},"end":{"line":227,"column":3}},"132":{"start":{"line":218,"column":2},"end":{"line":218,"column":38}},"133":{"start":{"line":219,"column":2},"end":{"line":219,"column":44}},"134":{"start":{"line":220,"column":2},"end":{"line":220,"column":97}},"135":{"start":{"line":221,"column":2},"end":{"line":221,"column":30}},"136":{"start":{"line":222,"column":2},"end":{"line":222,"column":26}},"137":{"start":{"line":223,"column":2},"end":{"line":223,"column":18}},"138":{"start":{"line":224,"column":2},"end":{"line":226,"column":5}},"139":{"start":{"line":229,"column":0},"end":{"line":236,"column":3}},"140":{"start":{"line":230,"column":24},"end":{"line":230,"column":53}},"141":{"start":{"line":231,"column":2},"end":{"line":231,"column":18}},"142":{"start":{"line":232,"column":2},"end":{"line":235,"column":5}},"143":{"start":{"line":238,"column":0},"end":{"line":246,"column":3}},"144":{"start":{"line":239,"column":23},"end":{"line":239,"column":83}},"145":{"start":{"line":240,"column":24},"end":{"line":240,"column":50}},"146":{"start":{"line":241,"column":2},"end":{"line":241,"column":18}},"147":{"start":{"line":242,"column":2},"end":{"line":245,"column":5}},"148":{"start":{"line":248,"column":0},"end":{"line":261,"column":3}},"149":{"start":{"line":249,"column":20},"end":{"line":250,"column":54}},"150":{"start":{"line":251,"column":2},"end":{"line":255,"column":3}},"151":{"start":{"line":252,"column":4},"end":{"line":252,"column":30}},"152":{"start":{"line":253,"column":9},"end":{"line":255,"column":3}},"153":{"start":{"line":254,"column":4},"end":{"line":254,"column":27}},"154":{"start":{"line":256,"column":2},"end":{"line":256,"column":18}},"155":{"start":{"line":257,"column":2},"end":{"line":260,"column":5}},"156":{"start":{"line":263,"column":0},"end":{"line":268,"column":3}},"157":{"start":{"line":264,"column":2},"end":{"line":264,"column":18}},"158":{"start":{"line":265,"column":2},"end":{"line":267,"column":5}},"159":{"start":{"line":270,"column":0},"end":{"line":274,"column":1}},"160":{"start":{"line":271,"column":2},"end":{"line":273,"column":5}},"161":{"start":{"line":272,"column":4},"end":{"line":272,"column":47}},"162":{"start":{"line":276,"column":0},"end":{"line":292,"column":1}},"163":{"start":{"line":277,"column":2},"end":{"line":291,"column":4}}},"fnMap":{"0":{"name":"setupGameBoardValuesArray","decl":{"start":{"line":18,"column":9},"end":{"line":18,"column":34}},"loc":{"start":{"line":18,"column":48},"end":{"line":28,"column":1}},"line":18},"1":{"name":"updateStateValues","decl":{"start":{"line":30,"column":9},"end":{"line":30,"column":26}},"loc":{"start":{"line":30,"column":43},"end":{"line":38,"column":1}},"line":30},"2":{"name":"changePlayer","decl":{"start":{"line":40,"column":9},"end":{"line":40,"column":21}},"loc":{"start":{"line":40,"column":43},"end":{"line":45,"column":1}},"line":40},"3":{"name":"placeCounter","decl":{"start":{"line":47,"column":9},"end":{"line":47,"column":21}},"loc":{"start":{"line":47,"column":35},"end":{"line":59,"column":1}},"line":47},"4":{"name":"checkColumnWin","decl":{"start":{"line":61,"column":9},"end":{"line":61,"column":23}},"loc":{"start":{"line":61,"column":53},"end":{"line":82,"column":1}},"line":61},"5":{"name":"checkRowWin","decl":{"start":{"line":84,"column":9},"end":{"line":84,"column":20}},"loc":{"start":{"line":84,"column":47},"end":{"line":105,"column":1}},"line":84},"6":{"name":"getLeftDiagnoalPoint","decl":{"start":{"line":107,"column":9},"end":{"line":107,"column":29}},"loc":{"start":{"line":107,"column":69},"end":{"line":122,"column":1}},"line":107},"7":{"name":"getRightDiagnoalPoint","decl":{"start":{"line":124,"column":9},"end":{"line":124,"column":30}},"loc":{"start":{"line":124,"column":70},"end":{"line":139,"column":1}},"line":124},"8":{"name":"checkRightDiagonalWin","decl":{"start":{"line":141,"column":9},"end":{"line":141,"column":30}},"loc":{"start":{"line":141,"column":67},"end":{"line":170,"column":1}},"line":141},"9":{"name":"checkLeftDiagonalWin","decl":{"start":{"line":172,"column":9},"end":{"line":172,"column":29}},"loc":{"start":{"line":172,"column":66},"end":{"line":199,"column":1}},"line":172},"10":{"name":"checkWinner","decl":{"start":{"line":201,"column":9},"end":{"line":201,"column":20}},"loc":{"start":{"line":201,"column":60},"end":{"line":212,"column":1}},"line":201},"11":{"name":"(anonymous_11)","decl":{"start":{"line":217,"column":26},"end":{"line":217,"column":27}},"loc":{"start":{"line":217,"column":40},"end":{"line":227,"column":1}},"line":217},"12":{"name":"(anonymous_12)","decl":{"start":{"line":229,"column":26},"end":{"line":229,"column":27}},"loc":{"start":{"line":229,"column":40},"end":{"line":236,"column":1}},"line":229},"13":{"name":"(anonymous_13)","decl":{"start":{"line":238,"column":27},"end":{"line":238,"column":28}},"loc":{"start":{"line":238,"column":41},"end":{"line":246,"column":1}},"line":238},"14":{"name":"(anonymous_14)","decl":{"start":{"line":248,"column":22},"end":{"line":248,"column":23}},"loc":{"start":{"line":248,"column":36},"end":{"line":261,"column":1}},"line":248},"15":{"name":"(anonymous_15)","decl":{"start":{"line":263,"column":28},"end":{"line":263,"column":29}},"loc":{"start":{"line":263,"column":42},"end":{"line":268,"column":1}},"line":263},"16":{"name":"(anonymous_16)","decl":{"start":{"line":271,"column":19},"end":{"line":271,"column":20}},"loc":{"start":{"line":271,"column":25},"end":{"line":273,"column":3}},"line":271}},"branchMap":{"0":{"loc":{"start":{"line":41,"column":2},"end":{"line":43,"column":3}},"type":"if","locations":[{"start":{"line":41,"column":2},"end":{"line":43,"column":3}},{"start":{"line":41,"column":2},"end":{"line":43,"column":3}}],"line":41},"1":{"loc":{"start":{"line":49,"column":4},"end":{"line":56,"column":5}},"type":"if","locations":[{"start":{"line":49,"column":4},"end":{"line":56,"column":5}},{"start":{"line":49,"column":4},"end":{"line":56,"column":5}}],"line":49},"2":{"loc":{"start":{"line":64,"column":4},"end":{"line":76,"column":5}},"type":"if","locations":[{"start":{"line":64,"column":4},"end":{"line":76,"column":5}},{"start":{"line":64,"column":4},"end":{"line":76,"column":5}}],"line":64},"3":{"loc":{"start":{"line":64,"column":8},"end":{"line":64,"column":63}},"type":"binary-expr","locations":[{"start":{"line":64,"column":8},"end":{"line":64,"column":20}},{"start":{"line":64,"column":24},"end":{"line":64,"column":63}}],"line":64},"4":{"loc":{"start":{"line":68,"column":8},"end":{"line":72,"column":9}},"type":"if","locations":[{"start":{"line":68,"column":8},"end":{"line":72,"column":9}},{"start":{"line":68,"column":8},"end":{"line":72,"column":9}}],"line":68},"5":{"loc":{"start":{"line":68,"column":12},"end":{"line":68,"column":88}},"type":"binary-expr","locations":[{"start":{"line":68,"column":12},"end":{"line":68,"column":61}},{"start":{"line":68,"column":65},"end":{"line":68,"column":88}}],"line":68},"6":{"loc":{"start":{"line":70,"column":15},"end":{"line":72,"column":9}},"type":"if","locations":[{"start":{"line":70,"column":15},"end":{"line":72,"column":9}},{"start":{"line":70,"column":15},"end":{"line":72,"column":9}}],"line":70},"7":{"loc":{"start":{"line":77,"column":4},"end":{"line":79,"column":5}},"type":"if","locations":[{"start":{"line":77,"column":4},"end":{"line":79,"column":5}},{"start":{"line":77,"column":4},"end":{"line":79,"column":5}}],"line":77},"8":{"loc":{"start":{"line":87,"column":4},"end":{"line":99,"column":5}},"type":"if","locations":[{"start":{"line":87,"column":4},"end":{"line":99,"column":5}},{"start":{"line":87,"column":4},"end":{"line":99,"column":5}}],"line":87},"9":{"loc":{"start":{"line":91,"column":8},"end":{"line":95,"column":9}},"type":"if","locations":[{"start":{"line":91,"column":8},"end":{"line":95,"column":9}},{"start":{"line":91,"column":8},"end":{"line":95,"column":9}}],"line":91},"10":{"loc":{"start":{"line":91,"column":12},"end":{"line":91,"column":87}},"type":"binary-expr","locations":[{"start":{"line":91,"column":12},"end":{"line":91,"column":59}},{"start":{"line":91,"column":63},"end":{"line":91,"column":87}}],"line":91},"11":{"loc":{"start":{"line":93,"column":15},"end":{"line":95,"column":9}},"type":"if","locations":[{"start":{"line":93,"column":15},"end":{"line":95,"column":9}},{"start":{"line":93,"column":15},"end":{"line":95,"column":9}}],"line":93},"12":{"loc":{"start":{"line":100,"column":4},"end":{"line":102,"column":5}},"type":"if","locations":[{"start":{"line":100,"column":4},"end":{"line":102,"column":5}},{"start":{"line":100,"column":4},"end":{"line":102,"column":5}}],"line":100},"13":{"loc":{"start":{"line":114,"column":4},"end":{"line":117,"column":5}},"type":"if","locations":[{"start":{"line":114,"column":4},"end":{"line":117,"column":5}},{"start":{"line":114,"column":4},"end":{"line":117,"column":5}}],"line":114},"14":{"loc":{"start":{"line":114,"column":8},"end":{"line":114,"column":70}},"type":"binary-expr","locations":[{"start":{"line":114,"column":8},"end":{"line":114,"column":25}},{"start":{"line":114,"column":29},"end":{"line":114,"column":70}}],"line":114},"15":{"loc":{"start":{"line":131,"column":4},"end":{"line":134,"column":5}},"type":"if","locations":[{"start":{"line":131,"column":4},"end":{"line":134,"column":5}},{"start":{"line":131,"column":4},"end":{"line":134,"column":5}}],"line":131},"16":{"loc":{"start":{"line":131,"column":8},"end":{"line":131,"column":94}},"type":"binary-expr","locations":[{"start":{"line":131,"column":8},"end":{"line":131,"column":49}},{"start":{"line":131,"column":53},"end":{"line":131,"column":94}}],"line":131},"17":{"loc":{"start":{"line":150,"column":9},"end":{"line":150,"column":53}},"type":"binary-expr","locations":[{"start":{"line":150,"column":9},"end":{"line":150,"column":38}},{"start":{"line":150,"column":42},"end":{"line":150,"column":53}}],"line":150},"18":{"loc":{"start":{"line":153,"column":6},"end":{"line":161,"column":7}},"type":"if","locations":[{"start":{"line":153,"column":6},"end":{"line":161,"column":7}},{"start":{"line":153,"column":6},"end":{"line":161,"column":7}}],"line":153},"19":{"loc":{"start":{"line":154,"column":8},"end":{"line":158,"column":9}},"type":"if","locations":[{"start":{"line":154,"column":8},"end":{"line":158,"column":9}},{"start":{"line":154,"column":8},"end":{"line":158,"column":9}}],"line":154},"20":{"loc":{"start":{"line":163,"column":4},"end":{"line":165,"column":5}},"type":"if","locations":[{"start":{"line":163,"column":4},"end":{"line":165,"column":5}},{"start":{"line":163,"column":4},"end":{"line":165,"column":5}}],"line":163},"21":{"loc":{"start":{"line":179,"column":9},"end":{"line":179,"column":38}},"type":"binary-expr","locations":[{"start":{"line":179,"column":9},"end":{"line":179,"column":23}},{"start":{"line":179,"column":27},"end":{"line":179,"column":38}}],"line":179},"22":{"loc":{"start":{"line":182,"column":6},"end":{"line":190,"column":7}},"type":"if","locations":[{"start":{"line":182,"column":6},"end":{"line":190,"column":7}},{"start":{"line":182,"column":6},"end":{"line":190,"column":7}}],"line":182},"23":{"loc":{"start":{"line":183,"column":8},"end":{"line":187,"column":9}},"type":"if","locations":[{"start":{"line":183,"column":8},"end":{"line":187,"column":9}},{"start":{"line":183,"column":8},"end":{"line":187,"column":9}}],"line":183},"24":{"loc":{"start":{"line":192,"column":4},"end":{"line":194,"column":5}},"type":"if","locations":[{"start":{"line":192,"column":4},"end":{"line":194,"column":5}},{"start":{"line":192,"column":4},"end":{"line":194,"column":5}}],"line":192},"25":{"loc":{"start":{"line":202,"column":2},"end":{"line":204,"column":3}},"type":"if","locations":[{"start":{"line":202,"column":2},"end":{"line":204,"column":3}},{"start":{"line":202,"column":2},"end":{"line":204,"column":3}}],"line":202},"26":{"loc":{"start":{"line":204,"column":4},"end":{"line":206,"column":3}},"type":"if","locations":[{"start":{"line":204,"column":4},"end":{"line":206,"column":3}},{"start":{"line":204,"column":4},"end":{"line":206,"column":3}}],"line":204},"27":{"loc":{"start":{"line":206,"column":4},"end":{"line":208,"column":3}},"type":"if","locations":[{"start":{"line":206,"column":4},"end":{"line":208,"column":3}},{"start":{"line":206,"column":4},"end":{"line":208,"column":3}}],"line":206},"28":{"loc":{"start":{"line":208,"column":4},"end":{"line":210,"column":3}},"type":"if","locations":[{"start":{"line":208,"column":4},"end":{"line":210,"column":3}},{"start":{"line":208,"column":4},"end":{"line":210,"column":3}}],"line":208},"29":{"loc":{"start":{"line":251,"column":2},"end":{"line":255,"column":3}},"type":"if","locations":[{"start":{"line":251,"column":2},"end":{"line":255,"column":3}},{"start":{"line":251,"column":2},"end":{"line":255,"column":3}}],"line":251},"30":{"loc":{"start":{"line":253,"column":9},"end":{"line":255,"column":3}},"type":"if","locations":[{"start":{"line":253,"column":9},"end":{"line":255,"column":3}},{"start":{"line":253,"column":9},"end":{"line":255,"column":3}}],"line":253},"31":{"loc":{"start":{"line":270,"column":0},"end":{"line":274,"column":1}},"type":"if","locations":[{"start":{"line":270,"column":0},"end":{"line":274,"column":1}},{"start":{"line":270,"column":0},"end":{"line":274,"column":1}}],"line":270},"32":{"loc":{"start":{"line":276,"column":0},"end":{"line":292,"column":1}},"type":"if","locations":[{"start":{"line":276,"column":0},"end":{"line":292,"column":1}},{"start":{"line":276,"column":0},"end":{"line":292,"column":1}}],"line":276}},"s":{"0":2,"1":2,"2":2,"3":2,"4":9,"5":9,"6":9,"7":33,"8":33,"9":33,"10":157,"11":33,"12":9,"13":1,"14":1,"15":1,"16":1,"17":1,"18":1,"19":1,"20":4,"21":2,"22":2,"23":3,"24":3,"25":7,"26":2,"27":2,"28":2,"29":2,"30":1,"31":11,"32":11,"33":11,"34":15,"35":9,"36":9,"37":9,"38":20,"39":20,"40":4,"41":16,"42":16,"43":6,"44":9,"45":5,"46":6,"47":10,"48":10,"49":10,"50":30,"51":25,"52":25,"53":25,"54":36,"55":36,"56":20,"57":16,"58":16,"59":5,"60":25,"61":5,"62":5,"63":16,"64":16,"65":16,"66":16,"67":45,"68":16,"69":16,"70":45,"71":45,"72":16,"73":15,"74":15,"75":15,"76":15,"77":45,"78":15,"79":15,"80":45,"81":45,"82":15,"83":10,"84":10,"85":10,"86":10,"87":10,"88":10,"89":11,"90":11,"91":11,"92":23,"93":20,"94":18,"95":2,"96":3,"97":11,"98":6,"99":5,"100":5,"101":4,"102":9,"103":9,"104":9,"105":9,"106":9,"107":14,"108":14,"109":14,"110":26,"111":23,"112":18,"113":5,"114":3,"115":14,"116":6,"117":8,"118":8,"119":3,"120":5,"121":1,"122":4,"123":1,"124":3,"125":1,"126":2,"127":1,"128":1,"129":2,"130":2,"131":2,"132":2,"133":2,"134":2,"135":2,"136":2,"137":2,"138":2,"139":2,"140":0,"141":0,"142":0,"143":2,"144":0,"145":0,"146":0,"147":0,"148":2,"149":0,"150":0,"151":0,"152":0,"153":0,"154":0,"155":0,"156":2,"157":0,"158":0,"159":2,"160":0,"161":0,"162":2,"163":2},"f":{"0":9,"1":1,"2":4,"3":3,"4":11,"5":10,"6":16,"7":15,"8":10,"9":9,"10":5,"11":2,"12":0,"13":0,"14":0,"15":0,"16":0},"b":{"0":[2,2],"1":[2,5],"2":[9,6],"3":[15,14],"4":[4,16],"5":[20,16],"6":[16,0],"7":[5,4],"8":[25,5],"9":[20,16],"10":[36,28],"11":[16,0],"12":[5,20],"13":[16,29],"14":[45,33],"15":[15,30],"16":[45,37],"17":[15,14],"18":[20,3],"19":[18,2],"20":[6,5],"21":[17,15],"22":[23,3],"23":[18,5],"24":[6,8],"25":[1,4],"26":[1,3],"27":[1,2],"28":[1,1],"29":[0,0],"30":[0,0],"31":[0,2],"32":[2,0]},"_coverageSchema":"1a1c01bbd47fc00a2c39e90264f33305004495a9","hash":"cc1e75c177621dfd341ee1b9213a42f66e5b0179"}
}
