TN:
SF:BackEnd/source/server.js
FN:18,setupGameBoardValuesArray
FN:30,updateStateValues
FN:40,changePlayer
FN:47,placeCounter
FN:61,checkColumnWin
FN:84,checkRowWin
FN:107,getLeftDiagnoalPoint
FN:124,getRightDiagnoalPoint
FN:141,checkRightDiagonalWin
FN:172,checkLeftDiagonalWin
FN:201,checkWinner
FN:217,(anonymous_11)
FN:229,(anonymous_12)
FN:238,(anonymous_13)
FN:248,(anonymous_14)
FN:263,(anonymous_15)
FN:271,(anonymous_16)
FNF:17
FNH:12
FNDA:9,setupGameBoardValuesArray
FNDA:1,updateStateValues
FNDA:4,changePlayer
FNDA:3,placeCounter
FNDA:11,checkColumnWin
FNDA:10,checkRowWin
FNDA:16,getLeftDiagnoalPoint
FNDA:15,getRightDiagnoalPoint
FNDA:10,checkRightDiagonalWin
FNDA:9,checkLeftDiagonalWin
FNDA:5,checkWinner
FNDA:2,(anonymous_11)
FNDA:0,(anonymous_12)
FNDA:0,(anonymous_13)
FNDA:0,(anonymous_14)
FNDA:0,(anonymous_15)
FNDA:0,(anonymous_16)
DA:1,2
DA:3,2
DA:5,2
DA:7,2
DA:19,9
DA:20,9
DA:21,33
DA:22,33
DA:23,157
DA:25,33
DA:27,9
DA:31,1
DA:32,1
DA:33,1
DA:34,1
DA:35,1
DA:36,1
DA:37,1
DA:41,4
DA:42,2
DA:44,2
DA:48,3
DA:49,7
DA:50,2
DA:52,2
DA:54,2
DA:55,2
DA:58,1
DA:62,11
DA:63,11
DA:64,15
DA:65,9
DA:66,9
DA:67,20
DA:68,20
DA:69,4
DA:70,16
DA:71,16
DA:75,6
DA:77,9
DA:78,5
DA:81,6
DA:85,10
DA:86,10
DA:87,30
DA:88,25
DA:89,25
DA:90,36
DA:91,36
DA:92,20
DA:93,16
DA:94,16
DA:98,5
DA:100,25
DA:101,5
DA:104,5
DA:108,16
DA:109,16
DA:112,16
DA:113,16
DA:114,45
DA:115,16
DA:116,16
DA:118,45
DA:119,45
DA:121,16
DA:125,15
DA:126,15
DA:129,15
DA:130,15
DA:131,45
DA:132,15
DA:133,15
DA:135,45
DA:136,45
DA:138,15
DA:142,10
DA:143,10
DA:145,10
DA:147,10
DA:148,10
DA:150,10
DA:151,11
DA:152,11
DA:153,23
DA:154,20
DA:155,18
DA:157,2
DA:160,3
DA:163,11
DA:164,6
DA:166,5
DA:167,5
DA:169,4
DA:173,9
DA:175,9
DA:177,9
DA:178,9
DA:179,9
DA:180,14
DA:181,14
DA:182,26
DA:183,23
DA:184,18
DA:186,5
DA:189,3
DA:192,14
DA:193,6
DA:195,8
DA:196,8
DA:198,3
DA:202,5
DA:203,1
DA:204,4
DA:205,1
DA:206,3
DA:207,1
DA:208,2
DA:209,1
DA:211,1
DA:214,2
DA:215,2
DA:217,2
DA:218,2
DA:219,2
DA:220,2
DA:221,2
DA:222,2
DA:223,2
DA:224,2
DA:229,2
DA:230,0
DA:231,0
DA:232,0
DA:238,2
DA:239,0
DA:240,0
DA:241,0
DA:242,0
DA:248,2
DA:249,0
DA:251,0
DA:252,0
DA:253,0
DA:254,0
DA:256,0
DA:257,0
DA:263,2
DA:264,0
DA:265,0
DA:270,2
DA:271,0
DA:272,0
DA:276,2
DA:277,2
LF:155
LH:137
BRDA:41,0,0,2
BRDA:41,0,1,2
BRDA:49,1,0,2
BRDA:49,1,1,5
BRDA:64,2,0,9
BRDA:64,2,1,6
BRDA:64,3,0,15
BRDA:64,3,1,14
BRDA:68,4,0,4
BRDA:68,4,1,16
BRDA:68,5,0,20
BRDA:68,5,1,16
BRDA:70,6,0,16
BRDA:70,6,1,0
BRDA:77,7,0,5
BRDA:77,7,1,4
BRDA:87,8,0,25
BRDA:87,8,1,5
BRDA:91,9,0,20
BRDA:91,9,1,16
BRDA:91,10,0,36
BRDA:91,10,1,28
BRDA:93,11,0,16
BRDA:93,11,1,0
BRDA:100,12,0,5
BRDA:100,12,1,20
BRDA:114,13,0,16
BRDA:114,13,1,29
BRDA:114,14,0,45
BRDA:114,14,1,33
BRDA:131,15,0,15
BRDA:131,15,1,30
BRDA:131,16,0,45
BRDA:131,16,1,37
BRDA:150,17,0,15
BRDA:150,17,1,14
BRDA:153,18,0,20
BRDA:153,18,1,3
BRDA:154,19,0,18
BRDA:154,19,1,2
BRDA:163,20,0,6
BRDA:163,20,1,5
BRDA:179,21,0,17
BRDA:179,21,1,15
BRDA:182,22,0,23
BRDA:182,22,1,3
BRDA:183,23,0,18
BRDA:183,23,1,5
BRDA:192,24,0,6
BRDA:192,24,1,8
BRDA:202,25,0,1
BRDA:202,25,1,4
BRDA:204,26,0,1
BRDA:204,26,1,3
BRDA:206,27,0,1
BRDA:206,27,1,2
BRDA:208,28,0,1
BRDA:208,28,1,1
BRDA:251,29,0,0
BRDA:251,29,1,0
BRDA:253,30,0,0
BRDA:253,30,1,0
BRDA:270,31,0,0
BRDA:270,31,1,2
BRDA:276,32,0,2
BRDA:276,32,1,0
BRF:66
BRH:58
end_of_record
