TN:
SF:BackEnd/source/server.js
FN:17,setupGameBoardValuesArray
FN:29,updateStateValues
FN:39,changePlayer
FN:46,placeCounter
FN:60,checkColumnWin
FN:83,checkRowWin
FN:106,getLeftDiagnoalPoint
FN:123,getRightDiagnoalPoint
FN:140,checkRightDiagonalWin
FN:171,checkLeftDiagonalWin
FN:200,checkWinner
FN:216,(anonymous_11)
FN:228,(anonymous_12)
FN:237,(anonymous_13)
FN:252,(anonymous_14)
FN:260,(anonymous_15)
FNF:16
FNH:12
FNDA:9,setupGameBoardValuesArray
FNDA:1,updateStateValues
FNDA:4,changePlayer
FNDA:3,placeCounter
FNDA:11,checkColumnWin
FNDA:10,checkRowWin
FNDA:16,getLeftDiagnoalPoint
FNDA:15,getRightDiagnoalPoint
FNDA:10,checkRightDiagonalWin
FNDA:9,checkLeftDiagonalWin
FNDA:5,checkWinner
FNDA:2,(anonymous_11)
FNDA:0,(anonymous_12)
FNDA:0,(anonymous_13)
FNDA:0,(anonymous_14)
FNDA:0,(anonymous_15)
DA:1,2
DA:3,2
DA:5,2
DA:7,2
DA:18,9
DA:19,9
DA:20,33
DA:21,33
DA:22,157
DA:24,33
DA:26,9
DA:30,1
DA:31,1
DA:32,1
DA:33,1
DA:34,1
DA:35,1
DA:36,1
DA:40,4
DA:41,2
DA:43,2
DA:47,3
DA:48,7
DA:49,2
DA:51,2
DA:53,2
DA:54,2
DA:57,1
DA:61,11
DA:62,11
DA:63,15
DA:64,9
DA:65,9
DA:66,20
DA:67,20
DA:68,4
DA:69,16
DA:70,16
DA:74,6
DA:76,9
DA:77,5
DA:80,6
DA:84,10
DA:85,10
DA:86,30
DA:87,25
DA:88,25
DA:89,36
DA:90,36
DA:91,20
DA:92,16
DA:93,16
DA:97,5
DA:99,25
DA:100,5
DA:103,5
DA:107,16
DA:108,16
DA:111,16
DA:112,16
DA:113,45
DA:114,16
DA:115,16
DA:117,45
DA:118,45
DA:120,16
DA:124,15
DA:125,15
DA:128,15
DA:129,15
DA:130,45
DA:131,15
DA:132,15
DA:134,45
DA:135,45
DA:137,15
DA:141,10
DA:142,10
DA:144,10
DA:146,10
DA:147,10
DA:149,10
DA:150,11
DA:151,11
DA:152,23
DA:153,20
DA:154,18
DA:156,2
DA:159,3
DA:162,11
DA:163,6
DA:165,5
DA:166,5
DA:168,4
DA:172,9
DA:174,9
DA:176,9
DA:177,9
DA:178,9
DA:179,14
DA:180,14
DA:181,26
DA:182,23
DA:183,18
DA:185,5
DA:188,3
DA:191,14
DA:192,6
DA:194,8
DA:195,8
DA:197,3
DA:201,5
DA:202,1
DA:203,4
DA:204,1
DA:205,3
DA:206,1
DA:207,2
DA:208,1
DA:210,1
DA:213,2
DA:214,2
DA:216,2
DA:217,2
DA:218,2
DA:219,2
DA:220,2
DA:221,2
DA:222,2
DA:223,2
DA:228,2
DA:229,0
DA:230,0
DA:231,0
DA:237,2
DA:238,0
DA:240,0
DA:241,0
DA:242,0
DA:243,0
DA:245,0
DA:246,0
DA:252,2
DA:253,0
DA:254,0
DA:259,2
DA:260,0
DA:261,0
DA:265,2
DA:266,2
LF:150
LH:136
BRDA:40,0,0,2
BRDA:40,0,1,2
BRDA:48,1,0,2
BRDA:48,1,1,5
BRDA:63,2,0,9
BRDA:63,2,1,6
BRDA:63,3,0,15
BRDA:63,3,1,14
BRDA:67,4,0,4
BRDA:67,4,1,16
BRDA:67,5,0,20
BRDA:67,5,1,16
BRDA:69,6,0,16
BRDA:69,6,1,0
BRDA:76,7,0,5
BRDA:76,7,1,4
BRDA:86,8,0,25
BRDA:86,8,1,5
BRDA:90,9,0,20
BRDA:90,9,1,16
BRDA:90,10,0,36
BRDA:90,10,1,28
BRDA:92,11,0,16
BRDA:92,11,1,0
BRDA:99,12,0,5
BRDA:99,12,1,20
BRDA:113,13,0,16
BRDA:113,13,1,29
BRDA:113,14,0,45
BRDA:113,14,1,33
BRDA:130,15,0,15
BRDA:130,15,1,30
BRDA:130,16,0,45
BRDA:130,16,1,37
BRDA:149,17,0,15
BRDA:149,17,1,14
BRDA:152,18,0,20
BRDA:152,18,1,3
BRDA:153,19,0,18
BRDA:153,19,1,2
BRDA:162,20,0,6
BRDA:162,20,1,5
BRDA:178,21,0,17
BRDA:178,21,1,15
BRDA:181,22,0,23
BRDA:181,22,1,3
BRDA:182,23,0,18
BRDA:182,23,1,5
BRDA:191,24,0,6
BRDA:191,24,1,8
BRDA:201,25,0,1
BRDA:201,25,1,4
BRDA:203,26,0,1
BRDA:203,26,1,3
BRDA:205,27,0,1
BRDA:205,27,1,2
BRDA:207,28,0,1
BRDA:207,28,1,1
BRDA:240,29,0,0
BRDA:240,29,1,0
BRDA:242,30,0,0
BRDA:242,30,1,0
BRDA:259,31,0,0
BRDA:259,31,1,2
BRDA:265,32,0,2
BRDA:265,32,1,0
BRF:66
BRH:58
end_of_record
